
================================================================
======== FXServer starting - 30-06-2021 17:09:43
================================================================
[38;5;171m[                 cmd] Argument count mismatch (passed 7, wanted 2)
[38;5;161m[    c-scripting-core] Creating script environments for _cfx_internal
[38;5;73m[ citizen-server-impl] Scanning resources.
[38;5;73m[ citizen-server-impl] Found 71 resources.
[38;5;161m[    c-scripting-core] Creating script environments for sessionmanager
[38;5;73m[ citizen-server-impl] Started resource sessionmanager
[38;5;161m[    c-scripting-core] Creating script environments for monitor
[38;5;84m[      script:monitor] [txAdminClient] Version 3.7.0 starting...
[38;5;73m[ citizen-server-impl] Started resource monitor
[38;5;171m[                 cmd] Argument count mismatch (passed 7, wanted 2)
[38;5;161m[    c-scripting-core] Creating script environments for mapmanager
[38;5;73m[ citizen-server-impl] Started resource mapmanager
[38;5;161m[    c-scripting-core] Creating script environments for yarn
[38;5;73m[ citizen-server-impl] Started resource yarn
[38;5;161m[    c-scripting-core] Creating script environments for webpack
[38;5;73m[ citizen-server-impl] Started resource webpack
[38;5;161m[    c-scripting-core] Creating script environments for chat
[38;5;73m[ citizen-server-impl] Started resource chat
[38;5;73m[ citizen-server-impl] Started resource spawnmanager
[38;5;161m[    c-scripting-core] Creating script environments for hardcap
[38;5;73m[ citizen-server-impl] Started resource hardcap
[38;5;154m[   script:mapmanager] Started gametype Freeroam
[38;5;73m[ citizen-server-impl] Started resource basic-gamemode
[38;5;154m[   script:mapmanager] Started map default_spawnpoint
[38;5;73m[ citizen-server-impl] Started resource default_spawnpoint
[38;5;161m[    c-scripting-core] Creating script environments for mysql-async
[38;5;73m[ citizen-server-impl] Started resource mysql-async
[38;5;161m[    c-scripting-core] Creating script environments for cron
[38;5;73m[ citizen-server-impl] Started resource cron
[38;5;161m[    c-scripting-core] Creating script environments for instance
[38;5;73m[ citizen-server-impl] Started resource instance
[38;5;73m[ citizen-server-impl] Started resource skinchanger
[38;5;161m[    c-scripting-core] Creating script environments for async
[38;5;73m[ citizen-server-impl] Started resource async
[38;5;161m[    c-scripting-core] Creating script environments for es_extended
[38;5;73m[ citizen-server-impl] Started resource es_extended
[38;5;73m[ citizen-server-impl] Started resource esx_menu_default
[38;5;73m[ citizen-server-impl] Started resource esx_menu_dialog
[38;5;73m[ citizen-server-impl] Started resource esx_menu_list
[38;5;161m[    c-scripting-core] Creating script environments for esx_datastore
[38;5;73m[ citizen-server-impl] Started resource esx_datastore
[38;5;161m[    c-scripting-core] Creating script environments for esx_identity
[38;5;73m[ citizen-server-impl] Started resource esx_identity
[38;5;161m[    c-scripting-core] Creating script environments for esx_skin
[38;5;73m[ citizen-server-impl] Started resource esx_skin
[38;5;161m[    c-scripting-core] Creating script environments for esx_status
[38;5;73m[ citizen-server-impl] Started resource esx_status
[38;5;161m[    c-scripting-core] Creating script environments for esx_basicneeds
[38;5;73m[ citizen-server-impl] Started resource esx_basicneeds
[38;5;161m[    c-scripting-core] Creating script environments for esx_billing
[38;5;73m[ citizen-server-impl] Started resource esx_billing
[38;5;161m[    c-scripting-core] Creating script environments for esx_addoninventory
[38;5;73m[ citizen-server-impl] Started resource esx_addoninventory
[38;5;161m[    c-scripting-core] Creating script environments for esx_addonaccount
[38;5;73m[ citizen-server-impl] Started resource esx_addonaccount
[38;5;161m[    c-scripting-core] Creating script environments for esx_society
[38;5;73m[ citizen-server-impl] Started resource esx_society
[38;5;161m[    c-scripting-core] Creating script environments for esx_license
[38;5;73m[ citizen-server-impl] Started resource esx_license
[38;5;161m[    c-scripting-core] Creating script environments for esx_service
[38;5;73m[ citizen-server-impl] Started resource esx_service
[38;5;161m[    c-scripting-core] Creating script environments for esx_garage
[38;5;73m[ citizen-server-impl] Started resource esx_garage
[38;5;161m[    c-scripting-core] Creating script environments for esx_vehicleshop
[38;5;73m[ citizen-server-impl] Started resource esx_vehicleshop
[38;5;161m[    c-scripting-core] Creating script environments for esx_jobs
[38;5;73m[ citizen-server-impl] Started resource esx_jobs
[38;5;161m[    c-scripting-core] Creating script environments for esx_joblisting
[38;5;73m[ citizen-server-impl] Started resource esx_joblisting
[38;5;161m[    c-scripting-core] Creating script environments for esx_policejob
[38;5;73m[ citizen-server-impl] Started resource esx_policejob
[38;5;161m[    c-scripting-core] Creating script environments for esx_ambulancejob
[38;5;73m[ citizen-server-impl] Started resource esx_ambulancejob
[38;5;161m[    c-scripting-core] Creating script environments for esx_mechanicjob
[38;5;73m[ citizen-server-impl] Started resource esx_mechanicjob
[38;5;161m[    c-scripting-core] Creating script environments for esx_taxijob
[38;5;73m[ citizen-server-impl] Started resource esx_taxijob
[38;5;161m[    c-scripting-core] Creating script environments for esx_lscustom
[38;5;73m[ citizen-server-impl] Started resource esx_lscustom
[38;5;161m[    c-scripting-core] Creating script environments for esx_atm
[38;5;73m[ citizen-server-impl] Started resource esx_atm
[38;5;161m[    c-scripting-core] Creating script environments for esx_shops
[38;5;73m[ citizen-server-impl] Started resource esx_shops
[38;5;161m[    c-scripting-core] Creating script environments for esx_weaponshop
[38;5;73m[ citizen-server-impl] Started resource esx_weaponshop
[38;5;161m[    c-scripting-core] Creating script environments for esx_clotheshop
[38;5;73m[ citizen-server-impl] Started resource esx_clotheshop
[38;5;161m[    c-scripting-core] Creating script environments for esx_barbershop
[38;5;73m[ citizen-server-impl] Started resource esx_barbershop
[38;5;161m[    c-scripting-core] Creating script environments for esx_drugs
[38;5;73m[ citizen-server-impl] Started resource esx_drugs
[38;5;161m[    c-scripting-core] Creating script environments for esx_holdup
[38;5;73m[ citizen-server-impl] Started resource esx_holdup
[38;5;73m[ citizen-server-impl] Started resource pk_loadinscreen
[38;5;73m[ citizen-server-impl] Started resource No-NPC
[38;5;73m[ citizen-server-impl] Started resource bob74_ipl
[38;5;161m[    c-scripting-core] Creating script environments for esx_adminplus
[38;5;73m[ citizen-server-impl] Started resource esx_adminplus
[38;5;161m[    c-scripting-core] Creating script environments for gcphone
[38;5;73m[ citizen-server-impl] Started resource gcphone
[38;5;161m[    c-scripting-core] Creating script environments for Kl_HudV2
[38;5;73m[ citizen-server-impl] Started resource Kl_HudV2
[38;5;73m[ citizen-server-impl] Couldn't find resource loadingscreen.
[38;5;73m[ citizen-server-impl] Started resource simpledrift
[38;5;161m[    c-scripting-core] Creating script environments for EasyAdmin
[38;5;73m[ citizen-server-impl] Started resource EasyAdmin
[38;5;66m[          svadhesive] Authenticating server license key...
[38;5;159m[  script:mysql-async] [mysql-async] [SUCCESS] Database server connection established.
[38;5;128m[    script:EasyAdmin] 
[38;5;128m[    script:EasyAdmin]  _______ _______ _______ __   __ _______ ______  _______ _____ __   _
[38;5;128m[    script:EasyAdmin]  |______ |_____| |______   \_/   |_____| |     \ |  |  |   |   | \  |
[38;5;128m[    script:EasyAdmin]  |______ |     | ______|    |    |     | |_____/ |  |  | __|__ |  \_|
[38;5;128m[    script:EasyAdmin]                            Version 5.901
[38;5;84m[      script:monitor] [txAdminClient] Threads and commands set up. All Ready.
[38;5;220m[  script:es_extended] [es_extended] [INFO] ESX developed by ESX-Org has been initialized
[38;5;29m[    script:esx_shops] esx_shops: invalid item "bread" found!
[38;5;29m[    script:esx_shops] esx_shops: invalid item "bread" found!
[38;5;29m[    script:esx_shops] esx_shops: invalid item "bread" found!
[38;5;220m[  script:es_extended] [es_extended] [WARNING] Ignoring job grades for "cardealer" due to missing job
[38;5;220m[  script:es_extended] [es_extended] [WARNING] Ignoring job grades for "cardealer" due to missing job
[38;5;220m[  script:es_extended] [es_extended] [WARNING] Ignoring job grades for "cardealer" due to missing job
[38;5;220m[  script:es_extended] [es_extended] [WARNING] Ignoring job grades for "cardealer" due to missing job
[38;5;220m[  script:es_extended] [es_extended] [WARNING] Ignoring job grades for "lumberjack" due to missing job
[38;5;220m[  script:es_extended] [es_extended] [WARNING] Ignoring job grades for "fisherman" due to missing job
[38;5;220m[  script:es_extended] [es_extended] [WARNING] Ignoring job grades for "fueler" due to missing job
[38;5;220m[  script:es_extended] [es_extended] [WARNING] Ignoring job grades for "reporter" due to missing job
[38;5;220m[  script:es_extended] [es_extended] [WARNING] Ignoring job grades for "tailor" due to missing job
[38;5;220m[  script:es_extended] [es_extended] [WARNING] Ignoring job grades for "miner" due to missing job
[38;5;220m[  script:es_extended] [es_extended] [WARNING] Ignoring job grades for "slaughterer" due to missing job
[38;5;220m[  script:es_extended] [es_extended] [WARNING] Ignoring job grades for "mechanic" due to missing job
[38;5;220m[  script:es_extended] [es_extended] [WARNING] Ignoring job grades for "taxi" due to missing job
[38;5;220m[  script:es_extended] [es_extended] [WARNING] Ignoring job grades for "taxi" due to missing job
[38;5;220m[  script:es_extended] [es_extended] [WARNING] Ignoring job grades for "taxi" due to missing job
[38;5;220m[  script:es_extended] [es_extended] [WARNING] Ignoring job grades for "taxi" due to missing job
[38;5;220m[  script:es_extended] [es_extended] [WARNING] Ignoring job grades for "taxi" due to missing job
[38;5;220m[  script:es_extended] [es_extended] [WARNING] Ignoring job "TAXISTA" due to no job grades found
[38;5;220m[  script:es_extended] [es_extended] [WARNING] Ignoring job "LEÑADOR" due to no job grades found
[38;5;220m[  script:es_extended] [es_extended] [WARNING] Ignoring job "MINERO" due to no job grades found
[38;5;230m[  script:esx_society] SCRIPT ERROR: @esx_society/server/main.lua:26: attempt to index a nil value (field '?')
[38;5;230m[  script:esx_society] > fn (@mysql-async/lib/MySQL.lua:226)
[38;5;128m[    script:EasyAdmin] 
[38;5;128m[    script:EasyAdmin] --------------------------------------------------------------------------
[38;5;128m[    script:EasyAdmin] 
[38;5;128m[    script:EasyAdmin] EasyAdmin (EasyAdmin) is outdated.
[38;5;128m[    script:EasyAdmin] Newest Version: 6.01
[38;5;128m[    script:EasyAdmin] Your Version: 5.901
[38;5;128m[    script:EasyAdmin] Please update it from https://github.com/Blumlaut/EasyAdmin
[38;5;128m[    script:EasyAdmin] 
[38;5;128m[    script:EasyAdmin] Update Changelog:
[38;5;128m[    script:EasyAdmin] Lots and lots and LOTS of improvements! Temporary+Permanent Ban Permission! Revamped Webhooks, Optimisations
[38;5;128m[    script:EasyAdmin] 
[38;5;128m[    script:EasyAdmin] --------------------------------------------------------------------------
[38;5;128m[    script:EasyAdmin] 
[38;5;128m[    script:EasyAdmin] EasyAdmin: screenshot-basic is not installed on this Server, screenshots unavailable
[38;5;66m[          svadhesive] Server license key authentication succeeded. Welcome!
[38;5;73m[ citizen-server-impl]         fff                          
[38;5;73m[ citizen-server-impl]   cccc ff   xx  xx     rr rr    eee  
[38;5;73m[ citizen-server-impl] cc     ffff   xx       rrr  r ee   e 
[38;5;73m[ citizen-server-impl] cc     ff     xx   ... rr     eeeee  
[38;5;73m[ citizen-server-impl]  ccccc ff   xx  xx ... rr      eeeee 
[38;5;73m[ citizen-server-impl]                                      
[38;5;73m[ citizen-server-impl] Authenticated with cfx.re Nucleus: https://tyagy-cartelli-pdkmk8.users.cfx.re/
[38;5;73m[ citizen-server-impl] -- [server notice: tebex_not_set]
[38;5;73m[ citizen-server-impl] ================
[38;5;73m[ citizen-server-impl] Monetize your server using Tebex! Visit https://tebex.io/fivem for more info.
[38;5;73m[ citizen-server-impl] ================
[38;5;73m[ citizen-server-impl] 
[38;5;134m[      script:hardcap] Connecting: Sound
[38;5;73m[ citizen-server-impl] Sending heartbeat to https://servers-ingress-live.fivem.net/ingress
[38;5;220m[  script:es_extended] [es_extended] [WARNING] Ignoring invalid job for ad9e20b4f945ee1bb0f11cee13397de4cb78a8e4 [job: police, grade: 0]
[38;5;220m[  script:es_extended] SCRIPT ERROR: @es_extended/server/main.lua:127: attempt to index a nil value (field '?')
[38;5;220m[  script:es_extended] > ref (@es_extended/server/main.lua:127)
[38;5;220m[  script:es_extended] > <unknown> (@mysql-async/mysql-async.js:15543)
[38;5;159m[  script:mysql-async] 
[38;5;122m[script:esx_adminplus] SCRIPT ERROR: @esx_adminplus/server.lua:376: attempt to index a nil value (local 'xPlayer')
[38;5;73m[ citizen-server-impl] Sending heartbeat to https://servers-ingress-live.fivem.net/ingress
[38;5;73m[ citizen-server-impl] Sending heartbeat to https://servers-ingress-live.fivem.net/ingress
[38;5;73m[ citizen-server-impl] Sending heartbeat to https://servers-ingress-live.fivem.net/ingress
[38;5;220m[  script:es_extended] [es_extended] [INFO] Saved 0 player(s)
[38;5;73m[ citizen-server-impl] Sending heartbeat to https://servers-ingress-live.fivem.net/ingress
[38;5;73m[ citizen-server-impl] Sending heartbeat to https://servers-ingress-live.fivem.net/ingress
[38;5;134m[      script:hardcap] Connecting: Sound
[38;5;73m[ citizen-server-impl] Sending heartbeat to https://servers-ingress-live.fivem.net/ingress
[38;5;220m[  script:es_extended] [es_extended] [WARNING] Ignoring invalid job for ad9e20b4f945ee1bb0f11cee13397de4cb78a8e4 [job: police, grade: 0]
[38;5;220m[  script:es_extended] SCRIPT ERROR: @es_extended/server/main.lua:127: attempt to index a nil value (field '?')
[38;5;220m[  script:es_extended] > ref (@es_extended/server/main.lua:127)
[38;5;220m[  script:es_extended] > <unknown> (@mysql-async/mysql-async.js:15543)
[38;5;159m[  script:mysql-async] 
[38;5;73m[ citizen-server-impl] Sending heartbeat to https://servers-ingress-live.fivem.net/ingress
[38;5;220m[  script:es_extended] [es_extended] [INFO] Saved 0 player(s)
[38;5;73m[ citizen-server-impl] Sending heartbeat to https://servers-ingress-live.fivem.net/ingress
[38;5;73m[ citizen-server-impl] Sending heartbeat to https://servers-ingress-live.fivem.net/ingress
[38;5;73m[ citizen-server-impl] Sending heartbeat to https://servers-ingress-live.fivem.net/ingress
[38;5;220m[  script:es_extended] [es_extended] [INFO] Saved 0 player(s)
[38;5;73m[ citizen-server-impl] Sending heartbeat to https://servers-ingress-live.fivem.net/ingress
[38;5;73m[ citizen-server-impl] Sending heartbeat to https://servers-ingress-live.fivem.net/ingress
[38;5;73m[ citizen-server-impl] Sending heartbeat to https://servers-ingress-live.fivem.net/ingress
[38;5;73m[ citizen-server-impl] Sending heartbeat to https://servers-ingress-live.fivem.net/ingress
[38;5;220m[  script:es_extended] [es_extended] [INFO] Saved 0 player(s)
[38;5;73m[ citizen-server-impl] Sending heartbeat to https://servers-ingress-live.fivem.net/ingress
[38;5;73m[ citizen-server-impl] Sending heartbeat to https://servers-ingress-live.fivem.net/ingress
[38;5;73m[ citizen-server-impl] Sending heartbeat to https://servers-ingress-live.fivem.net/ingress
[38;5;220m[  script:es_extended] [es_extended] [INFO] Saved 0 player(s)
[38;5;73m[ citizen-server-impl] Sending heartbeat to https://servers-ingress-live.fivem.net/ingress
[38;5;73m[ citizen-server-impl] Sending heartbeat to https://servers-ingress-live.fivem.net/ingress
[38;5;73m[ citizen-server-impl] Sending heartbeat to https://servers-ingress-live.fivem.net/ingress
[38;5;220m[  script:es_extended] [es_extended] [INFO] Saved 0 player(s)
[38;5;128m[    script:EasyAdmin] 
[38;5;128m[    script:EasyAdmin] --------------------------------------------------------------------------
[38;5;128m[    script:EasyAdmin] 
[38;5;128m[    script:EasyAdmin] EasyAdmin (EasyAdmin) is outdated.
[38;5;128m[    script:EasyAdmin] Newest Version: 6.01
[38;5;128m[    script:EasyAdmin] Your Version: 5.901
[38;5;128m[    script:EasyAdmin] Please update it from https://github.com/Blumlaut/EasyAdmin
[38;5;128m[    script:EasyAdmin] 
[38;5;128m[    script:EasyAdmin] Update Changelog:
[38;5;128m[    script:EasyAdmin] Lots and lots and LOTS of improvements! Temporary+Permanent Ban Permission! Revamped Webhooks, Optimisations
[38;5;128m[    script:EasyAdmin] 
[38;5;128m[    script:EasyAdmin] --------------------------------------------------------------------------
[38;5;128m[    script:EasyAdmin] 
[38;5;128m[    script:EasyAdmin] EasyAdmin: screenshot-basic is not installed on this Server, screenshots unavailable
[38;5;73m[ citizen-server-impl] Sending heartbeat to https://servers-ingress-live.fivem.net/ingress
[38;5;73m[ citizen-server-impl] Sending heartbeat to https://servers-ingress-live.fivem.net/ingress
[38;5;73m[ citizen-server-impl] Sending heartbeat to https://servers-ingress-live.fivem.net/ingress
[38;5;73m[ citizen-server-impl] Sending heartbeat to https://servers-ingress-live.fivem.net/ingress
[38;5;220m[  script:es_extended] [es_extended] [INFO] Saved 0 player(s)
[38;5;73m[ citizen-server-impl] Sending heartbeat to https://servers-ingress-live.fivem.net/ingress
[38;5;73m[ citizen-server-impl] Sending heartbeat to https://servers-ingress-live.fivem.net/ingress
[38;5;73m[ citizen-server-impl] Sending heartbeat to https://servers-ingress-live.fivem.net/ingress
[38;5;220m[  script:es_extended] [es_extended] [INFO] Saved 0 player(s)
[38;5;73m[ citizen-server-impl] Sending heartbeat to https://servers-ingress-live.fivem.net/ingress
[38;5;73m[ citizen-server-impl] Sending heartbeat to https://servers-ingress-live.fivem.net/ingress
[38;5;73m[ citizen-server-impl] Sending heartbeat to https://servers-ingress-live.fivem.net/ingress
[38;5;220m[  script:es_extended] [es_extended] [INFO] Saved 0 player(s)
[38;5;73m[ citizen-server-impl] Sending heartbeat to https://servers-ingress-live.fivem.net/ingress
[38;5;73m[ citizen-server-impl] Sending heartbeat to https://servers-ingress-live.fivem.net/ingress
[38;5;73m[ citizen-server-impl] Sending heartbeat to https://servers-ingress-live.fivem.net/ingress
[38;5;73m[ citizen-server-impl] Sending heartbeat to https://servers-ingress-live.fivem.net/ingress
[38;5;220m[  script:es_extended] [es_extended] [INFO] Saved 0 player(s)
[38;5;73m[ citizen-server-impl] Sending heartbeat to https://servers-ingress-live.fivem.net/ingress
[38;5;73m[ citizen-server-impl] Sending heartbeat to https://servers-ingress-live.fivem.net/ingress
[38;5;73m[ citizen-server-impl] Sending heartbeat to https://servers-ingress-live.fivem.net/ingress
[38;5;220m[  script:es_extended] [es_extended] [INFO] Saved 0 player(s)
[38;5;73m[ citizen-server-impl] Sending heartbeat to https://servers-ingress-live.fivem.net/ingress
[38;5;73m[ citizen-server-impl] Sending heartbeat to https://servers-ingress-live.fivem.net/ingress
